[DEBUG] 2022-03-15 14:53:16.498 [main] PackageRelationshipCollection - Parsing relationship: /xl/_rels/workbook.xml.rels
[DEBUG] 2022-03-15 14:53:16.824 [main] PackageRelationshipCollection - Parsing relationship: /_rels/.rels
[TRACE] 2022-03-15 14:53:17.469 [main] XBeanDebug - Loading type system org.apache.poi.schemas.ooxml.system.ooxml
[TRACE] 2022-03-15 14:53:17.495 [main] XBeanDebug - Loading type system org.apache.xmlbeans.metadata.system.sXMLCONFIG
[TRACE] 2022-03-15 14:53:17.504 [main] XBeanDebug - Loading type system org.apache.xmlbeans.metadata.system.sXMLLANG
[TRACE] 2022-03-15 14:53:17.523 [main] XBeanDebug - Loading type system org.apache.xmlbeans.metadata.system.sXMLSCHEMA
[TRACE] 2022-03-15 14:53:17.542 [main] XBeanDebug - Loading type system org.apache.xmlbeans.metadata.system.sXMLTOOLS
[TRACE] 2022-03-15 14:53:17.548 [main] XBeanDebug - Reading unresolved handles for type system org.apache.xmlbeans.metadata.system.sXMLTOOLS
[TRACE] 2022-03-15 14:53:17.614 [main] XBeanDebug - Finished loading type system org.apache.xmlbeans.metadata.system.sXMLTOOLS
[TRACE] 2022-03-15 14:53:17.616 [main] XBeanDebug - Reading unresolved handles for type system org.apache.xmlbeans.metadata.system.sXMLSCHEMA
[TRACE] 2022-03-15 14:53:17.644 [main] XBeanDebug - Finished loading type system org.apache.xmlbeans.metadata.system.sXMLSCHEMA
[TRACE] 2022-03-15 14:53:17.645 [main] XBeanDebug - Reading unresolved handles for type system org.apache.xmlbeans.metadata.system.sXMLLANG
[TRACE] 2022-03-15 14:53:17.647 [main] XBeanDebug - Finished loading type system org.apache.xmlbeans.metadata.system.sXMLLANG
[TRACE] 2022-03-15 14:53:17.648 [main] XBeanDebug - Reading unresolved handles for type system org.apache.xmlbeans.metadata.system.sXMLCONFIG
[TRACE] 2022-03-15 14:53:17.650 [main] XBeanDebug - Finished loading type system org.apache.xmlbeans.metadata.system.sXMLCONFIG
[TRACE] 2022-03-15 14:53:17.651 [main] XBeanDebug - Reading unresolved handles for type system org.apache.poi.schemas.ooxml.system.ooxml
[TRACE] 2022-03-15 14:53:17.814 [main] XBeanDebug - Finished loading type system org.apache.poi.schemas.ooxml.system.ooxml
[TRACE] 2022-03-15 14:53:17.819 [main] XBeanDebug - Resolving type for handle themefd26doctype
[TRACE] 2022-03-15 14:53:18.122 [main] XBeanDebug - Resolving type for handle stylesheet5d8bdoctype
[TRACE] 2022-03-15 14:53:18.165 [main] XBeanDebug - Resolving type for handle ctstylesheet4257type
[TRACE] 2022-03-15 14:53:18.184 [main] XBeanDebug - Resolving type for handle ctnumfmtsb58btype
[TRACE] 2022-03-15 14:53:18.200 [main] XBeanDebug - Resolving type for handle ctnumfmt3870type
[TRACE] 2022-03-15 14:53:18.215 [main] XBeanDebug - Resolving type for handle stnumfmtid76fbtype
[TRACE] 2022-03-15 14:53:18.243 [main] XBeanDebug - Resolving type for handle stxstringf179type
[TRACE] 2022-03-15 14:53:18.258 [main] XBeanDebug - Resolving type for handle ctfonts6623type
[TRACE] 2022-03-15 14:53:18.273 [main] XBeanDebug - Resolving type for handle ctfont14d8type
[TRACE] 2022-03-15 14:53:18.309 [main] XBeanDebug - Loading type system org.apache.poi.schemas.ooxml.system.ooxml
[TRACE] 2022-03-15 14:53:18.305 [main] XBeanDebug - Resolving type for handle ctfills2c6ftype
[TRACE] 2022-03-15 14:53:18.316 [main] XBeanDebug - Loading type system org.apache.xmlbeans.metadata.system.sXMLCONFIG
[TRACE] 2022-03-15 14:53:18.317 [main] XBeanDebug - Resolving type for handle ctfill550ctype
[TRACE] 2022-03-15 14:53:18.319 [main] XBeanDebug - Loading type system org.apache.xmlbeans.metadata.system.sXMLLANG
[TRACE] 2022-03-15 14:53:18.321 [main] XBeanDebug - Loading type system org.apache.xmlbeans.metadata.system.sXMLSCHEMA
[TRACE] 2022-03-15 14:53:18.324 [main] XBeanDebug - Resolving type for handle ctborders0d66type
[TRACE] 2022-03-15 14:53:18.326 [main] XBeanDebug - Loading type system org.apache.xmlbeans.metadata.system.sXMLTOOLS
[TRACE] 2022-03-15 14:53:18.329 [main] XBeanDebug - Reading unresolved handles for type system org.apache.xmlbeans.metadata.system.sXMLTOOLS
[TRACE] 2022-03-15 14:53:18.328 [main] XBeanDebug - Resolving type for handle ctborderf935type
[TRACE] 2022-03-15 14:53:18.334 [main] XBeanDebug - Resolving type for handle ctcellxfs1322type
[TRACE] 2022-03-15 14:53:18.340 [main] XBeanDebug - Resolving type for handle ctxf97f7type
[TRACE] 2022-03-15 14:53:18.345 [main] XBeanDebug - Resolving type for handle ctcellstylexfsa81ftype
[TRACE] 2022-03-15 14:53:18.352 [main] XBeanDebug - Resolving type for handle cttablestyles872ftype
[TRACE] 2022-03-15 14:53:18.355 [main] XBeanDebug - Finished loading type system org.apache.xmlbeans.metadata.system.sXMLTOOLS
[TRACE] 2022-03-15 14:53:18.357 [main] XBeanDebug - Reading unresolved handles for type system org.apache.xmlbeans.metadata.system.sXMLSCHEMA
[TRACE] 2022-03-15 14:53:18.376 [main] XBeanDebug - Finished loading type system org.apache.xmlbeans.metadata.system.sXMLSCHEMA
[TRACE] 2022-03-15 14:53:18.378 [main] XBeanDebug - Reading unresolved handles for type system org.apache.xmlbeans.metadata.system.sXMLLANG
[TRACE] 2022-03-15 14:53:18.380 [main] XBeanDebug - Finished loading type system org.apache.xmlbeans.metadata.system.sXMLLANG
[TRACE] 2022-03-15 14:53:18.382 [main] XBeanDebug - Reading unresolved handles for type system org.apache.xmlbeans.metadata.system.sXMLCONFIG
[TRACE] 2022-03-15 14:53:18.398 [main] XBeanDebug - Resolving type for handle sstf81fdoctype
[TRACE] 2022-03-15 14:53:18.404 [main] XBeanDebug - Resolving type for handle ctsst44f3type
[TRACE] 2022-03-15 14:53:18.413 [main] XBeanDebug - Resolving type for handle ctrsta472type
[TRACE] 2022-03-15 14:53:18.459 [main] XBeanDebug - Finished loading type system org.apache.xmlbeans.metadata.system.sXMLCONFIG
[TRACE] 2022-03-15 14:53:18.461 [main] XBeanDebug - Reading unresolved handles for type system org.apache.poi.schemas.ooxml.system.ooxml
[TRACE] 2022-03-15 14:53:18.495 [main] XBeanDebug - Resolving type for handle workbookec17doctype
[TRACE] 2022-03-15 14:53:18.501 [main] XBeanDebug - Resolving type for handle ctworkbook83c3type
[TRACE] 2022-03-15 14:53:18.512 [main] XBeanDebug - Resolving type for handle ctsheets49fdtype
[TRACE] 2022-03-15 14:53:18.515 [main] XBeanDebug - Resolving type for handle ctsheet4dbetype
[TRACE] 2022-03-15 14:53:18.519 [main] XBeanDebug - Resolving type for handle strelationshipid1e94type
[TRACE] 2022-03-15 14:53:18.535 [main] XBeanDebug - Resolving type for handle worksheetf539doctype
[TRACE] 2022-03-15 14:53:18.542 [main] XBeanDebug - Resolving type for handle ctworksheet530dtype
[TRACE] 2022-03-15 14:53:18.554 [main] XBeanDebug - Resolving type for handle ctsheetdata8408type
[TRACE] 2022-03-15 14:53:18.558 [main] XBeanDebug - Resolving type for handle ctrowdd39type
[TRACE] 2022-03-15 14:53:18.567 [main] XBeanDebug - Resolving type for handle ctcell842btype
[TRACE] 2022-03-15 14:53:18.594 [main] XBeanDebug - Resolving type for handle stcellrefe4e0type
[TRACE] 2022-03-15 14:53:18.627 [main] XBeanDebug - Resolving type for handle ctcols627ctype
[TRACE] 2022-03-15 14:53:18.663 [main] XBeanDebug - Finished loading type system org.apache.poi.schemas.ooxml.system.ooxml
[TRACE] 2022-03-15 14:53:18.672 [main] XBeanDebug - Resolving type for handle themefd26doctype
[TRACE] 2022-03-15 14:53:18.855 [main] XBeanDebug - Resolving type for handle stylesheet5d8bdoctype
[TRACE] 2022-03-15 14:53:18.895 [main] XBeanDebug - Resolving type for handle ctstylesheet4257type
[TRACE] 2022-03-15 14:53:18.914 [main] XBeanDebug - Resolving type for handle ctnumfmtsb58btype
[TRACE] 2022-03-15 14:53:18.919 [main] XBeanDebug - Resolving type for handle ctnumfmt3870type
[TRACE] 2022-03-15 14:53:18.925 [main] XBeanDebug - Resolving type for handle stnumfmtid76fbtype
[TRACE] 2022-03-15 14:53:18.948 [main] XBeanDebug - Resolving type for handle stxstringf179type
[TRACE] 2022-03-15 14:53:18.954 [main] XBeanDebug - Resolving type for handle ctfonts6623type
[TRACE] 2022-03-15 14:53:18.959 [main] XBeanDebug - Resolving type for handle ctfont14d8type
[TRACE] 2022-03-15 14:53:18.972 [main] XBeanDebug - Resolving type for handle ctfills2c6ftype
[TRACE] 2022-03-15 14:53:18.984 [main] XBeanDebug - Resolving type for handle ctfill550ctype
[TRACE] 2022-03-15 14:53:18.991 [main] XBeanDebug - Resolving type for handle ctborders0d66type
[TRACE] 2022-03-15 14:53:18.996 [main] XBeanDebug - Resolving type for handle ctborderf935type
[TRACE] 2022-03-15 14:53:19.004 [main] XBeanDebug - Resolving type for handle ctcellxfs1322type
[TRACE] 2022-03-15 14:53:19.010 [main] XBeanDebug - Resolving type for handle ctxf97f7type
[TRACE] 2022-03-15 14:53:19.024 [main] XBeanDebug - Resolving type for handle ctcellstylexfsa81ftype
[TRACE] 2022-03-15 14:53:19.031 [main] XBeanDebug - Resolving type for handle cttablestyles872ftype
[TRACE] 2022-03-15 14:53:19.037 [main] XBeanDebug - Resolving type for handle sstf81fdoctype
[TRACE] 2022-03-15 14:53:19.048 [main] XBeanDebug - Resolving type for handle ctsst44f3type
[TRACE] 2022-03-15 14:53:19.057 [main] XBeanDebug - Resolving type for handle ctrsta472type
[TRACE] 2022-03-15 14:53:19.127 [main] XBeanDebug - Resolving type for handle workbookec17doctype
[TRACE] 2022-03-15 14:53:19.138 [main] XBeanDebug - Resolving type for handle ctworkbook83c3type
[TRACE] 2022-03-15 14:53:19.160 [main] XBeanDebug - Resolving type for handle ctsheets49fdtype
[TRACE] 2022-03-15 14:53:19.164 [main] XBeanDebug - Resolving type for handle ctsheet4dbetype
[TRACE] 2022-03-15 14:53:19.181 [main] XBeanDebug - Resolving type for handle strelationshipid1e94type
[TRACE] 2022-03-15 14:53:19.224 [main] XBeanDebug - Resolving type for handle worksheetf539doctype
[TRACE] 2022-03-15 14:53:19.241 [main] XBeanDebug - Resolving type for handle ctworksheet530dtype
[TRACE] 2022-03-15 14:53:19.260 [main] XBeanDebug - Resolving type for handle ctsheetdata8408type
[TRACE] 2022-03-15 14:53:19.271 [main] XBeanDebug - Resolving type for handle ctrowdd39type
[TRACE] 2022-03-15 14:53:19.279 [main] XBeanDebug - Resolving type for handle ctcell842btype
[TRACE] 2022-03-15 14:53:19.296 [main] XBeanDebug - Resolving type for handle stcellrefe4e0type
[TRACE] 2022-03-15 14:53:19.309 [main] XBeanDebug - Resolving type for handle ctcols627ctype
